#
# There is insufficient memory for the Java Runtime Environment to continue.
# Native memory allocation (malloc) failed to allocate 100176 bytes. Error detail: Chunk::new
# Possible reasons:
#   The system is out of physical RAM or swap space
#   This process is running with CompressedOops enabled, and the Java Heap may be blocking the growth of the native heap
# Possible solutions:
#   Reduce memory load on the system
#   Increase physical memory or swap space
#   Check if swap backing store is full
#   Decrease Java heap size (-Xmx/-Xms)
#   Decrease number of Java threads
#   Decrease Java thread stack sizes (-Xss)
#   Set larger code cache with -XX:ReservedCodeCacheSize=
#   JVM is running with Zero Based Compressed Oops mode in which the Java heap is
#     placed in the first 32GB address space. The Java Heap base address is the
#     maximum limit for the native heap growth. Please use -XX:HeapBaseMinAddress
#     to set the Java Heap base and to place the Java Heap above 32GB virtual address.
# This output file may be truncated or incomplete.
#
#  Out of Memory Error (arena.cpp:149), pid=4324, tid=1324
#
# JRE version: Java(TM) SE Runtime Environment (23.0.1+11) (build 23.0.1+11-39)
# Java VM: Java HotSpot(TM) 64-Bit Server VM (23.0.1+11-39, mixed mode, sharing, tiered, compressed oops, compressed class ptrs, g1 gc, windows-amd64)
# No core dump will be written. Minidumps are not enabled by default on client versions of Windows
#

---------------  S U M M A R Y ------------

Command Line: C:\Users\Kurumi\AppData\Local\Temp\surefire5697580812251635422\surefirebooter-20250112162849535_3.jar C:\Users\Kurumi\AppData\Local\Temp\surefire5697580812251635422 2025-01-12T16-28-49_442-jvmRun1 surefire-20250112162849535_1tmp surefire_0-20250112162849535_2tmp

Host: Intel(R) Core(TM) i5-8300H CPU @ 2.30GHz, 8 cores, 11G,  Windows 10 , 64 bit Build 19041 (10.0.19041.5198)
Time: Sun Jan 12 16:28:49 2025 SA Pacific Standard Time elapsed time: 0.287006 seconds (0d 0h 0m 0s)

---------------  T H R E A D  ---------------

Current thread (0x0000029dc1200290):  JavaThread "C2 CompilerThread1" daemon [_thread_in_native, id=1324, stack(0x000000c900400000,0x000000c900500000) (1024K)]


Current CompileTask:
C2:287  732   !   4       java.util.zip.ZipFile::getEntry (59 bytes)

Stack: [0x000000c900400000,0x000000c900500000]
Native frames: (J=compiled Java code, j=interpreted, Vv=VM code, C=native code)
V  [jvm.dll+0x6e08b9]  (no source info available)
V  [jvm.dll+0x87dc83]  (no source info available)
V  [jvm.dll+0x88010e]  (no source info available)
V  [jvm.dll+0x8807e3]  (no source info available)
V  [jvm.dll+0x27aee6]  (no source info available)
V  [jvm.dll+0xbc06f]  (no source info available)
V  [jvm.dll+0xbc2cb]  (no source info available)
V  [jvm.dll+0x3b3a62]  (no source info available)
V  [jvm.dll+0x1dc39e]  (no source info available)
V  [jvm.dll+0x244be5]  (no source info available)
V  [jvm.dll+0x243dff]  (no source info available)
V  [jvm.dll+0x1c33a0]  (no source info available)
V  [jvm.dll+0x253cf1]  (no source info available)
V  [jvm.dll+0x251faa]  (no source info available)
V  [jvm.dll+0x3ee036]  (no source info available)
V  [jvm.dll+0x824f8b]  (no source info available)
V  [jvm.dll+0x6df065]  (no source info available)
C  [ucrtbase.dll+0x21bb2]  (no source info available)
C  [KERNEL32.DLL+0x17374]  (no source info available)
C  [ntdll.dll+0x4cc91]  (no source info available)

Lock stack of current Java thread (top to bottom):


---------------  P R O C E S S  ---------------

Threads class SMR info:
_java_thread_list=0x0000029dc12bdb70, length=14, elements={
0x0000029dc2ace560, 0x0000029de2d12420, 0x0000029de2d13240, 0x0000029de2d144c0,
0x0000029de2d181c0, 0x0000029de2d18c20, 0x0000029de2d19b90, 0x0000029de2d22930,
0x0000029de2d29070, 0x0000029dc1189e80, 0x0000029dc118eed0, 0x0000029dc1200290,
0x0000029dc176bef0, 0x0000029dc1786cb0
}

Java Threads: ( => current thread )
  0x0000029dc2ace560 JavaThread "main"                              [_thread_in_Java, id=5972, stack(0x000000c97f200000,0x000000c97f300000) (1024K)]
  0x0000029de2d12420 JavaThread "Reference Handler"          daemon [_thread_blocked, id=14332, stack(0x000000c97fa00000,0x000000c97fb00000) (1024K)]
  0x0000029de2d13240 JavaThread "Finalizer"                  daemon [_thread_blocked, id=12524, stack(0x000000c97fb00000,0x000000c97fc00000) (1024K)]
  0x0000029de2d144c0 JavaThread "Signal Dispatcher"          daemon [_thread_blocked, id=5924, stack(0x000000c97fc00000,0x000000c97fd00000) (1024K)]
  0x0000029de2d181c0 JavaThread "Attach Listener"            daemon [_thread_blocked, id=18380, stack(0x000000c97fd00000,0x000000c97fe00000) (1024K)]
  0x0000029de2d18c20 JavaThread "Service Thread"             daemon [_thread_blocked, id=18084, stack(0x000000c97fe00000,0x000000c97ff00000) (1024K)]
  0x0000029de2d19b90 JavaThread "Monitor Deflation Thread"   daemon [_thread_blocked, id=12580, stack(0x000000c97ff00000,0x000000c980000000) (1024K)]
  0x0000029de2d22930 JavaThread "C2 CompilerThread0"         daemon [_thread_in_native, id=11384, stack(0x000000c900000000,0x000000c900100000) (1024K)]
  0x0000029de2d29070 JavaThread "C1 CompilerThread0"         daemon [_thread_in_native, id=14756, stack(0x000000c900100000,0x000000c900200000) (1024K)]
  0x0000029dc1189e80 JavaThread "Notification Thread"        daemon [_thread_blocked, id=16140, stack(0x000000c900200000,0x000000c900300000) (1024K)]
  0x0000029dc118eed0 JavaThread "Common-Cleaner"             daemon [_thread_blocked, id=1144, stack(0x000000c900300000,0x000000c900400000) (1024K)]
=>0x0000029dc1200290 JavaThread "C2 CompilerThread1"         daemon [_thread_in_native, id=1324, stack(0x000000c900400000,0x000000c900500000) (1024K)]
  0x0000029dc176bef0 JavaThread "surefire-forkedjvm-stream-flusher" daemon [_thread_blocked, id=14676, stack(0x000000c900500000,0x000000c900600000) (1024K)]
  0x0000029dc1786cb0 JavaThread "surefire-forkedjvm-command-thread" daemon [_thread_in_native, id=18492, stack(0x000000c900600000,0x000000c900700000) (1024K)]
Total: 14

Other Threads:
  0x0000029de2cfa750 VMThread "VM Thread"                           [id=10720, stack(0x000000c97f900000,0x000000c97fa00000) (1024K)]
  0x0000029de2cea3e0 WatcherThread "VM Periodic Task Thread"        [id=2900, stack(0x000000c97f800000,0x000000c97f900000) (1024K)]
  0x0000029dc4db6d10 WorkerThread "GC Thread#0"                     [id=13892, stack(0x000000c97f300000,0x000000c97f400000) (1024K)]
  0x0000029dc4dc6960 ConcurrentGCThread "G1 Main Marker"            [id=10504, stack(0x000000c97f400000,0x000000c97f500000) (1024K)]
  0x0000029dc4dc7530 WorkerThread "G1 Conc#0"                       [id=4404, stack(0x000000c97f500000,0x000000c97f600000) (1024K)]
  0x0000029de2bc10b0 ConcurrentGCThread "G1 Refine#0"               [id=524, stack(0x000000c97f600000,0x000000c97f700000) (1024K)]
  0x0000029de2bc1b40 ConcurrentGCThread "G1 Service"                [id=14016, stack(0x000000c97f700000,0x000000c97f800000) (1024K)]
Total: 7

Threads with active compile tasks:
C2 CompilerThread0  437  757       4       java.util.jar.JarFile::getEntry (35 bytes)
C1 CompilerThread0  437  770       3       java.net.URLStreamHandler::parseURL (1124 bytes)
C2 CompilerThread1  437  732   !   4       java.util.zip.ZipFile::getEntry (59 bytes)
Total: 3

VM state: not at safepoint (normal execution)

VM Mutex/Monitor currently owned by a thread: None

Heap address: 0x0000000742600000, size: 3034 MB, Compressed Oops mode: Zero based, Oop shift amount: 3

CDS archive(s) mapped at: [0x0000029d80000000-0x0000029d80d70000-0x0000029d80d70000), size 14090240, SharedBaseAddress: 0x0000029d80000000, ArchiveRelocationMode: 1.
Compressed class space mapped at: 0x0000029d81000000-0x0000029dc1000000, reserved size: 1073741824
Narrow klass base: 0x0000029d80000000, Narrow klass shift: 0, Narrow klass range: 0x41000000

GC Precious Log:
 CardTable entry size: 512
 Card Set container configuration: InlinePtr #cards 4 size 8 Array Of Cards #cards 16 size 48 Howl #buckets 8 coarsen threshold 3686 Howl Bitmap #cards 512 size 80 coarsen threshold 460 Card regions per heap region 1 cards per card region 4096
 CPUs: 8 total, 8 available
 Memory: 12130M
 Large Page Support: Disabled
 NUMA Support: Disabled
 Compressed Oops: Enabled (Zero based)
 Heap Region Size: 2M
 Heap Min Capacity: 8M
 Heap Initial Capacity: 190M
 Heap Max Capacity: 3034M
 Pre-touch: Disabled
 Parallel Workers: 8
 Concurrent Workers: 2
 Concurrent Refinement Workers: 8
 Periodic GC: Disabled

Heap:
 garbage-first heap   total reserved 3106816K, committed 194560K, used 18432K [0x0000000742600000, 0x0000000800000000)
  region size 2048K, 11 young (22528K), 0 survivors (0K)
 Metaspace       used 4298K, committed 4480K, reserved 1114112K
  class space    used 502K, committed 576K, reserved 1048576K

Heap Regions: E=young(eden), S=young(survivor), O=old, HS=humongous(starts), HC=humongous(continues), CS=collection set, F=free, TAMS=top-at-mark-start, PB=parsable bottom
|   0|0x0000000742600000, 0x0000000742600000, 0x0000000742800000|  0%| F|  |TAMS 0x0000000742600000| PB 0x0000000742600000| Untracked |  0
|   1|0x0000000742800000, 0x0000000742800000, 0x0000000742a00000|  0%| F|  |TAMS 0x0000000742800000| PB 0x0000000742800000| Untracked |  0
|   2|0x0000000742a00000, 0x0000000742a00000, 0x0000000742c00000|  0%| F|  |TAMS 0x0000000742a00000| PB 0x0000000742a00000| Untracked |  0
|   3|0x0000000742c00000, 0x0000000742c00000, 0x0000000742e00000|  0%| F|  |TAMS 0x0000000742c00000| PB 0x0000000742c00000| Untracked |  0
|   4|0x0000000742e00000, 0x0000000742e00000, 0x0000000743000000|  0%| F|  |TAMS 0x0000000742e00000| PB 0x0000000742e00000| Untracked |  0
|   5|0x0000000743000000, 0x0000000743000000, 0x0000000743200000|  0%| F|  |TAMS 0x0000000743000000| PB 0x0000000743000000| Untracked |  0
|   6|0x0000000743200000, 0x0000000743200000, 0x0000000743400000|  0%| F|  |TAMS 0x0000000743200000| PB 0x0000000743200000| Untracked |  0
|   7|0x0000000743400000, 0x0000000743400000, 0x0000000743600000|  0%| F|  |TAMS 0x0000000743400000| PB 0x0000000743400000| Untracked |  0
|   8|0x0000000743600000, 0x0000000743600000, 0x0000000743800000|  0%| F|  |TAMS 0x0000000743600000| PB 0x0000000743600000| Untracked |  0
|   9|0x0000000743800000, 0x0000000743800000, 0x0000000743a00000|  0%| F|  |TAMS 0x0000000743800000| PB 0x0000000743800000| Untracked |  0
|  10|0x0000000743a00000, 0x0000000743a00000, 0x0000000743c00000|  0%| F|  |TAMS 0x0000000743a00000| PB 0x0000000743a00000| Untracked |  0
|  11|0x0000000743c00000, 0x0000000743c00000, 0x0000000743e00000|  0%| F|  |TAMS 0x0000000743c00000| PB 0x0000000743c00000| Untracked |  0
|  12|0x0000000743e00000, 0x0000000743e00000, 0x0000000744000000|  0%| F|  |TAMS 0x0000000743e00000| PB 0x0000000743e00000| Untracked |  0
|  13|0x0000000744000000, 0x0000000744000000, 0x0000000744200000|  0%| F|  |TAMS 0x0000000744000000| PB 0x0000000744000000| Untracked |  0
|  14|0x0000000744200000, 0x0000000744200000, 0x0000000744400000|  0%| F|  |TAMS 0x0000000744200000| PB 0x0000000744200000| Untracked |  0
|  15|0x0000000744400000, 0x0000000744400000, 0x0000000744600000|  0%| F|  |TAMS 0x0000000744400000| PB 0x0000000744400000| Untracked |  0
|  16|0x0000000744600000, 0x0000000744600000, 0x0000000744800000|  0%| F|  |TAMS 0x0000000744600000| PB 0x0000000744600000| Untracked |  0
|  17|0x0000000744800000, 0x0000000744800000, 0x0000000744a00000|  0%| F|  |TAMS 0x0000000744800000| PB 0x0000000744800000| Untracked |  0
|  18|0x0000000744a00000, 0x0000000744a00000, 0x0000000744c00000|  0%| F|  |TAMS 0x0000000744a00000| PB 0x0000000744a00000| Untracked |  0
|  19|0x0000000744c00000, 0x0000000744c00000, 0x0000000744e00000|  0%| F|  |TAMS 0x0000000744c00000| PB 0x0000000744c00000| Untracked |  0
|  20|0x0000000744e00000, 0x0000000744e00000, 0x0000000745000000|  0%| F|  |TAMS 0x0000000744e00000| PB 0x0000000744e00000| Untracked |  0
|  21|0x0000000745000000, 0x0000000745000000, 0x0000000745200000|  0%| F|  |TAMS 0x0000000745000000| PB 0x0000000745000000| Untracked |  0
|  22|0x0000000745200000, 0x0000000745200000, 0x0000000745400000|  0%| F|  |TAMS 0x0000000745200000| PB 0x0000000745200000| Untracked |  0
|  23|0x0000000745400000, 0x0000000745400000, 0x0000000745600000|  0%| F|  |TAMS 0x0000000745400000| PB 0x0000000745400000| Untracked |  0
|  24|0x0000000745600000, 0x0000000745600000, 0x0000000745800000|  0%| F|  |TAMS 0x0000000745600000| PB 0x0000000745600000| Untracked |  0
|  25|0x0000000745800000, 0x0000000745800000, 0x0000000745a00000|  0%| F|  |TAMS 0x0000000745800000| PB 0x0000000745800000| Untracked |  0
|  26|0x0000000745a00000, 0x0000000745a00000, 0x0000000745c00000|  0%| F|  |TAMS 0x0000000745a00000| PB 0x0000000745a00000| Untracked |  0
|  27|0x0000000745c00000, 0x0000000745c00000, 0x0000000745e00000|  0%| F|  |TAMS 0x0000000745c00000| PB 0x0000000745c00000| Untracked |  0
|  28|0x0000000745e00000, 0x0000000745e00000, 0x0000000746000000|  0%| F|  |TAMS 0x0000000745e00000| PB 0x0000000745e00000| Untracked |  0
|  29|0x0000000746000000, 0x0000000746000000, 0x0000000746200000|  0%| F|  |TAMS 0x0000000746000000| PB 0x0000000746000000| Untracked |  0
|  30|0x0000000746200000, 0x0000000746200000, 0x0000000746400000|  0%| F|  |TAMS 0x0000000746200000| PB 0x0000000746200000| Untracked |  0
|  31|0x0000000746400000, 0x0000000746400000, 0x0000000746600000|  0%| F|  |TAMS 0x0000000746400000| PB 0x0000000746400000| Untracked |  0
|  32|0x0000000746600000, 0x0000000746600000, 0x0000000746800000|  0%| F|  |TAMS 0x0000000746600000| PB 0x0000000746600000| Untracked |  0
|  33|0x0000000746800000, 0x0000000746800000, 0x0000000746a00000|  0%| F|  |TAMS 0x0000000746800000| PB 0x0000000746800000| Untracked |  0
|  34|0x0000000746a00000, 0x0000000746a00000, 0x0000000746c00000|  0%| F|  |TAMS 0x0000000746a00000| PB 0x0000000746a00000| Untracked |  0
|  35|0x0000000746c00000, 0x0000000746c00000, 0x0000000746e00000|  0%| F|  |TAMS 0x0000000746c00000| PB 0x0000000746c00000| Untracked |  0
|  36|0x0000000746e00000, 0x0000000746e00000, 0x0000000747000000|  0%| F|  |TAMS 0x0000000746e00000| PB 0x0000000746e00000| Untracked |  0
|  37|0x0000000747000000, 0x0000000747000000, 0x0000000747200000|  0%| F|  |TAMS 0x0000000747000000| PB 0x0000000747000000| Untracked |  0
|  38|0x0000000747200000, 0x0000000747200000, 0x0000000747400000|  0%| F|  |TAMS 0x0000000747200000| PB 0x0000000747200000| Untracked |  0
|  39|0x0000000747400000, 0x0000000747400000, 0x0000000747600000|  0%| F|  |TAMS 0x0000000747400000| PB 0x0000000747400000| Untracked |  0
|  40|0x0000000747600000, 0x0000000747600000, 0x0000000747800000|  0%| F|  |TAMS 0x0000000747600000| PB 0x0000000747600000| Untracked |  0
|  41|0x0000000747800000, 0x0000000747800000, 0x0000000747a00000|  0%| F|  |TAMS 0x0000000747800000| PB 0x0000000747800000| Untracked |  0
|  42|0x0000000747a00000, 0x0000000747a00000, 0x0000000747c00000|  0%| F|  |TAMS 0x0000000747a00000| PB 0x0000000747a00000| Untracked |  0
|  43|0x0000000747c00000, 0x0000000747c00000, 0x0000000747e00000|  0%| F|  |TAMS 0x0000000747c00000| PB 0x0000000747c00000| Untracked |  0
|  44|0x0000000747e00000, 0x0000000747e00000, 0x0000000748000000|  0%| F|  |TAMS 0x0000000747e00000| PB 0x0000000747e00000| Untracked |  0
|  45|0x0000000748000000, 0x0000000748000000, 0x0000000748200000|  0%| F|  |TAMS 0x0000000748000000| PB 0x0000000748000000| Untracked |  0
|  46|0x0000000748200000, 0x0000000748200000, 0x0000000748400000|  0%| F|  |TAMS 0x0000000748200000| PB 0x0000000748200000| Untracked |  0
|  47|0x0000000748400000, 0x0000000748400000, 0x0000000748600000|  0%| F|  |TAMS 0x0000000748400000| PB 0x0000000748400000| Untracked |  0
|  48|0x0000000748600000, 0x0000000748600000, 0x0000000748800000|  0%| F|  |TAMS 0x0000000748600000| PB 0x0000000748600000| Untracked |  0
|  49|0x0000000748800000, 0x0000000748800000, 0x0000000748a00000|  0%| F|  |TAMS 0x0000000748800000| PB 0x0000000748800000| Untracked |  0
|  50|0x0000000748a00000, 0x0000000748a00000, 0x0000000748c00000|  0%| F|  |TAMS 0x0000000748a00000| PB 0x0000000748a00000| Untracked |  0
|  51|0x0000000748c00000, 0x0000000748c00000, 0x0000000748e00000|  0%| F|  |TAMS 0x0000000748c00000| PB 0x0000000748c00000| Untracked |  0
|  52|0x0000000748e00000, 0x0000000748e00000, 0x0000000749000000|  0%| F|  |TAMS 0x0000000748e00000| PB 0x0000000748e00000| Untracked |  0
|  53|0x0000000749000000, 0x0000000749000000, 0x0000000749200000|  0%| F|  |TAMS 0x0000000749000000| PB 0x0000000749000000| Untracked |  0
|  54|0x0000000749200000, 0x0000000749200000, 0x0000000749400000|  0%| F|  |TAMS 0x0000000749200000| PB 0x0000000749200000| Untracked |  0
|  55|0x0000000749400000, 0x0000000749400000, 0x0000000749600000|  0%| F|  |TAMS 0x0000000749400000| PB 0x0000000749400000| Untracked |  0
|  56|0x0000000749600000, 0x0000000749600000, 0x0000000749800000|  0%| F|  |TAMS 0x0000000749600000| PB 0x0000000749600000| Untracked |  0
|  57|0x0000000749800000, 0x0000000749800000, 0x0000000749a00000|  0%| F|  |TAMS 0x0000000749800000| PB 0x0000000749800000| Untracked |  0
|  58|0x0000000749a00000, 0x0000000749a00000, 0x0000000749c00000|  0%| F|  |TAMS 0x0000000749a00000| PB 0x0000000749a00000| Untracked |  0
|  59|0x0000000749c00000, 0x0000000749c00000, 0x0000000749e00000|  0%| F|  |TAMS 0x0000000749c00000| PB 0x0000000749c00000| Untracked |  0
|  60|0x0000000749e00000, 0x0000000749e00000, 0x000000074a000000|  0%| F|  |TAMS 0x0000000749e00000| PB 0x0000000749e00000| Untracked |  0
|  61|0x000000074a000000, 0x000000074a000000, 0x000000074a200000|  0%| F|  |TAMS 0x000000074a000000| PB 0x000000074a000000| Untracked |  0
|  62|0x000000074a200000, 0x000000074a200000, 0x000000074a400000|  0%| F|  |TAMS 0x000000074a200000| PB 0x000000074a200000| Untracked |  0
|  63|0x000000074a400000, 0x000000074a400000, 0x000000074a600000|  0%| F|  |TAMS 0x000000074a400000| PB 0x000000074a400000| Untracked |  0
|  64|0x000000074a600000, 0x000000074a600000, 0x000000074a800000|  0%| F|  |TAMS 0x000000074a600000| PB 0x000000074a600000| Untracked |  0
|  65|0x000000074a800000, 0x000000074a800000, 0x000000074aa00000|  0%| F|  |TAMS 0x000000074a800000| PB 0x000000074a800000| Untracked |  0
|  66|0x000000074aa00000, 0x000000074aa00000, 0x000000074ac00000|  0%| F|  |TAMS 0x000000074aa00000| PB 0x000000074aa00000| Untracked |  0
|  67|0x000000074ac00000, 0x000000074ac00000, 0x000000074ae00000|  0%| F|  |TAMS 0x000000074ac00000| PB 0x000000074ac00000| Untracked |  0
|  68|0x000000074ae00000, 0x000000074ae00000, 0x000000074b000000|  0%| F|  |TAMS 0x000000074ae00000| PB 0x000000074ae00000| Untracked |  0
|  69|0x000000074b000000, 0x000000074b000000, 0x000000074b200000|  0%| F|  |TAMS 0x000000074b000000| PB 0x000000074b000000| Untracked |  0
|  70|0x000000074b200000, 0x000000074b200000, 0x000000074b400000|  0%| F|  |TAMS 0x000000074b200000| PB 0x000000074b200000| Untracked |  0
|  71|0x000000074b400000, 0x000000074b400000, 0x000000074b600000|  0%| F|  |TAMS 0x000000074b400000| PB 0x000000074b400000| Untracked |  0
|  72|0x000000074b600000, 0x000000074b600000, 0x000000074b800000|  0%| F|  |TAMS 0x000000074b600000| PB 0x000000074b600000| Untracked |  0
|  73|0x000000074b800000, 0x000000074b800000, 0x000000074ba00000|  0%| F|  |TAMS 0x000000074b800000| PB 0x000000074b800000| Untracked |  0
|  74|0x000000074ba00000, 0x000000074ba00000, 0x000000074bc00000|  0%| F|  |TAMS 0x000000074ba00000| PB 0x000000074ba00000| Untracked |  0
|  75|0x000000074bc00000, 0x000000074bc00000, 0x000000074be00000|  0%| F|  |TAMS 0x000000074bc00000| PB 0x000000074bc00000| Untracked |  0
|  76|0x000000074be00000, 0x000000074be00000, 0x000000074c000000|  0%| F|  |TAMS 0x000000074be00000| PB 0x000000074be00000| Untracked |  0
|  77|0x000000074c000000, 0x000000074c000000, 0x000000074c200000|  0%| F|  |TAMS 0x000000074c000000| PB 0x000000074c000000| Untracked |  0
|  78|0x000000074c200000, 0x000000074c200000, 0x000000074c400000|  0%| F|  |TAMS 0x000000074c200000| PB 0x000000074c200000| Untracked |  0
|  79|0x000000074c400000, 0x000000074c400000, 0x000000074c600000|  0%| F|  |TAMS 0x000000074c400000| PB 0x000000074c400000| Untracked |  0
|  80|0x000000074c600000, 0x000000074c600000, 0x000000074c800000|  0%| F|  |TAMS 0x000000074c600000| PB 0x000000074c600000| Untracked |  0
|  81|0x000000074c800000, 0x000000074c800000, 0x000000074ca00000|  0%| F|  |TAMS 0x000000074c800000| PB 0x000000074c800000| Untracked |  0
|  82|0x000000074ca00000, 0x000000074ca00000, 0x000000074cc00000|  0%| F|  |TAMS 0x000000074ca00000| PB 0x000000074ca00000| Untracked |  0
|  83|0x000000074cc00000, 0x000000074cc00000, 0x000000074ce00000|  0%| F|  |TAMS 0x000000074cc00000| PB 0x000000074cc00000| Untracked |  0
|  84|0x000000074ce00000, 0x000000074cf797c8, 0x000000074d000000| 73%| E|  |TAMS 0x000000074ce00000| PB 0x000000074ce00000| Complete |  0
|  85|0x000000074d000000, 0x000000074d200000, 0x000000074d200000|100%| E|CS|TAMS 0x000000074d000000| PB 0x000000074d000000| Complete |  0
|  86|0x000000074d200000, 0x000000074d400000, 0x000000074d400000|100%| E|  |TAMS 0x000000074d200000| PB 0x000000074d200000| Complete |  0
|  87|0x000000074d400000, 0x000000074d600000, 0x000000074d600000|100%| E|CS|TAMS 0x000000074d400000| PB 0x000000074d400000| Complete |  0
|  88|0x000000074d600000, 0x000000074d800000, 0x000000074d800000|100%| E|CS|TAMS 0x000000074d600000| PB 0x000000074d600000| Complete |  0
|  89|0x000000074d800000, 0x000000074da00000, 0x000000074da00000|100%| E|CS|TAMS 0x000000074d800000| PB 0x000000074d800000| Complete |  0
|  90|0x000000074da00000, 0x000000074dc00000, 0x000000074dc00000|100%| E|CS|TAMS 0x000000074da00000| PB 0x000000074da00000| Complete |  0
|  91|0x000000074dc00000, 0x000000074de00000, 0x000000074de00000|100%| E|CS|TAMS 0x000000074dc00000| PB 0x000000074dc00000| Complete |  0
|  92|0x000000074de00000, 0x000000074e000000, 0x000000074e000000|100%| E|CS|TAMS 0x000000074de00000| PB 0x000000074de00000| Complete |  0
|  93|0x000000074e000000, 0x000000074e200000, 0x000000074e200000|100%| E|CS|TAMS 0x000000074e000000| PB 0x000000074e000000| Complete |  0
|  94|0x000000074e200000, 0x000000074e400000, 0x000000074e400000|100%| E|CS|TAMS 0x000000074e200000| PB 0x000000074e200000| Complete |  0

Card table byte_map: [0x0000029ddcdc0000,0x0000029ddd3b0000] _byte_map_base: 0x0000029dd93ad000

Marking Bits: (CMBitMap*) 0x0000029dc4db7330
 Bits: [0x0000029ddd3b0000, 0x0000029de0318000)

Polling page: 0x0000029dc2bd0000

Metaspace:

Usage:
  Non-class:      3.72 MB used.
      Class:    506.38 KB used.
       Both:      4.21 MB used.

Virtual space:
  Non-class space:       64.00 MB reserved,       3.81 MB (  6%) committed,  1 nodes.
      Class space:        1.00 GB reserved,     576.00 KB ( <1%) committed,  1 nodes.
             Both:        1.06 GB reserved,       4.38 MB ( <1%) committed. 

Chunk freelists:
   Non-Class:  10.27 MB
       Class:  15.47 MB
        Both:  25.73 MB

MaxMetaspaceSize: unlimited
CompressedClassSpaceSize: 1.00 GB
Initial GC threshold: 21.00 MB
Current GC threshold: 21.00 MB
CDS: on
 - commit_granule_bytes: 65536.
 - commit_granule_words: 8192.
 - virtual_space_node_default_size: 8388608.
 - enlarge_chunks_in_place: 1.
 - use_allocation_guard: 0.


Internal statistics:

num_allocs_failed_limit: 0.
num_arena_births: 44.
num_arena_deaths: 0.
num_vsnodes_births: 2.
num_vsnodes_deaths: 0.
num_space_committed: 70.
num_space_uncommitted: 0.
num_chunks_returned_to_freelist: 0.
num_chunks_taken_from_freelist: 164.
num_chunk_merges: 0.
num_chunk_splits: 92.
num_chunks_enlarged: 64.
num_inconsistent_stats: 0.

CodeHeap 'non-profiled nmethods': size=120064Kb used=257Kb max_used=257Kb free=119806Kb
 bounds [0x0000029dd4f60000, 0x0000029dd51d0000, 0x0000029ddc4a0000]
CodeHeap 'profiled nmethods': size=120000Kb used=944Kb max_used=944Kb free=119055Kb
 bounds [0x0000029dcd4a0000, 0x0000029dcd710000, 0x0000029dd49d0000]
CodeHeap 'non-nmethods': size=5696Kb used=1354Kb max_used=1354Kb free=4342Kb
 bounds [0x0000029dd49d0000, 0x0000029dd4c40000, 0x0000029dd4f60000]
CodeCache: size=245760Kb, used=2555Kb, max_used=2555Kb, free=243203Kb
 total_blobs=1260, nmethods=796, adapters=370, full_count=0
Compilation: enabled, stopped_count=0, restarted_count=0

Compilation events (20 events):
Event: 0.282 Thread 0x0000029de2d29070  749       3       sun.net.util.URLUtil::urlNoFragString (143 bytes)
Event: 0.283 Thread 0x0000029de2d29070 nmethod 749 0x0000029dcd586f88 code [0x0000029dcd587220, 0x0000029dcd5881e8]
Event: 0.283 Thread 0x0000029de2d22930 nmethod 740 0x0000029dd4f97f88 code [0x0000029dd4f980c0, 0x0000029dd4f984c8]
Event: 0.283 Thread 0x0000029de2d29070  750       1       java.lang.invoke.InfoFromMemberName::getReferenceKind (5 bytes)
Event: 0.284 Thread 0x0000029de2d29070 nmethod 750 0x0000029dd4f98588 code [0x0000029dd4f986a0, 0x0000029dd4f98768]
Event: 0.284 Thread 0x0000029de2d22930  751       4       jdk.internal.org.objectweb.asm.ByteVector::putUTF8 (144 bytes)
Event: 0.284 Thread 0x0000029de2d29070  752       3       jdk.internal.loader.BuiltinClassLoader::moduleReaderFor (45 bytes)
Event: 0.284 Thread 0x0000029de2d29070 nmethod 752 0x0000029dcd588308 code [0x0000029dcd588460, 0x0000029dcd588ab0]
Event: 0.284 Thread 0x0000029de2d29070  754       3       java.nio.DirectIntBufferU::ix (10 bytes)
Event: 0.284 Thread 0x0000029de2d29070 nmethod 754 0x0000029dcd588b08 code [0x0000029dcd588c20, 0x0000029dcd588d40]
Event: 0.284 Thread 0x0000029de2d29070  755       3       jdk.internal.jimage.ImageStringsReader::hashCode (33 bytes)
Event: 0.284 Thread 0x0000029de2d29070 nmethod 755 0x0000029dcd588e08 code [0x0000029dcd588f40, 0x0000029dcd5890b0]
Event: 0.284 Thread 0x0000029de2d29070  753       3       jdk.internal.jimage.BasicImageReader::getLocationIndex (52 bytes)
Event: 0.284 Thread 0x0000029de2d29070 nmethod 753 0x0000029dcd589108 code [0x0000029dcd589280, 0x0000029dcd589708]
Event: 0.285 Thread 0x0000029de2d29070  761       3       java.lang.String::codePointAt (50 bytes)
Event: 0.285 Thread 0x0000029de2d29070 nmethod 761 0x0000029dcd589788 code [0x0000029dcd589900, 0x0000029dcd589d58]
Event: 0.285 Thread 0x0000029de2d29070  760       3       java.lang.Character::charCount (12 bytes)
Event: 0.285 Thread 0x0000029de2d29070 nmethod 760 0x0000029dcd589e08 code [0x0000029dcd589f20, 0x0000029dcd58a080]
Event: 0.285 Thread 0x0000029de2d29070  759       3       java.lang.CharacterData::of (136 bytes)
Event: 0.285 Thread 0x0000029de2d29070 nmethod 759 0x0000029dcd58a108 code [0x0000029dcd58a2c0, 0x0000029dcd58ab28]

GC Heap History (0 events):
No events

Dll operation events (8 events):
Event: 0.006 Loaded shared library C:\Program Files\Java\jdk-23\bin\java.dll
Event: 0.031 Loaded shared library C:\Program Files\Java\jdk-23\bin\jsvml.dll
Event: 0.042 Loaded shared library C:\Program Files\Java\jdk-23\bin\net.dll
Event: 0.043 Loaded shared library C:\Program Files\Java\jdk-23\bin\nio.dll
Event: 0.046 Loaded shared library C:\Program Files\Java\jdk-23\bin\zip.dll
Event: 0.084 Loaded shared library C:\Program Files\Java\jdk-23\bin\management.dll
Event: 0.088 Loaded shared library C:\Program Files\Java\jdk-23\bin\management_ext.dll
Event: 0.099 Loaded shared library C:\Program Files\Java\jdk-23\bin\jimage.dll

Deoptimization events (20 events):
Event: 0.183 Thread 0x0000029dc2ace560 Uncommon trap: trap_request=0xffffff6e fr.pc=0x0000029dd4f676a4 relative=0x0000000000000484
Event: 0.183 Thread 0x0000029dc2ace560 Uncommon trap: reason=loop_limit_check action=maybe_recompile pc=0x0000029dd4f676a4 method=java.lang.StringLatin1.indexOf([BI[BII)I @ 37 c2
Event: 0.183 Thread 0x0000029dc2ace560 DEOPT PACKING pc=0x0000029dd4f676a4 sp=0x000000c97f2fd5d0
Event: 0.183 Thread 0x0000029dc2ace560 DEOPT UNPACKING pc=0x0000029dd4a24402 sp=0x000000c97f2fd558 mode 2
Event: 0.220 Thread 0x0000029dc2ace560 Uncommon trap: trap_request=0xffffff45 fr.pc=0x0000029dd4f69800 relative=0x0000000000000240
Event: 0.220 Thread 0x0000029dc2ace560 Uncommon trap: reason=unstable_if action=reinterpret pc=0x0000029dd4f69800 method=java.lang.StringLatin1.canEncode(C)Z @ 4 c2
Event: 0.220 Thread 0x0000029dc2ace560 DEOPT PACKING pc=0x0000029dd4f69800 sp=0x000000c97f2feb10
Event: 0.220 Thread 0x0000029dc2ace560 DEOPT UNPACKING pc=0x0000029dd4a24402 sp=0x000000c97f2fea20 mode 2
Event: 0.220 Thread 0x0000029dc2ace560 Uncommon trap: trap_request=0xffffff45 fr.pc=0x0000029dd4f69c74 relative=0x0000000000000234
Event: 0.220 Thread 0x0000029dc2ace560 Uncommon trap: reason=unstable_if action=reinterpret pc=0x0000029dd4f69c74 method=java.lang.AbstractStringBuilder.isLatin1()Z @ 10 c2
Event: 0.220 Thread 0x0000029dc2ace560 DEOPT PACKING pc=0x0000029dd4f69c74 sp=0x000000c97f2feac0
Event: 0.220 Thread 0x0000029dc2ace560 DEOPT UNPACKING pc=0x0000029dd4a24402 sp=0x000000c97f2fea30 mode 2
Event: 0.220 Thread 0x0000029dc2ace560 Uncommon trap: trap_request=0xffffff45 fr.pc=0x0000029dd4f68cdc relative=0x000000000000005c
Event: 0.220 Thread 0x0000029dc2ace560 Uncommon trap: reason=unstable_if action=reinterpret pc=0x0000029dd4f68cdc method=java.lang.AbstractStringBuilder.isLatin1()Z @ 10 c2
Event: 0.220 Thread 0x0000029dc2ace560 DEOPT PACKING pc=0x0000029dd4f68cdc sp=0x000000c97f2feaa0
Event: 0.220 Thread 0x0000029dc2ace560 DEOPT UNPACKING pc=0x0000029dd4a24402 sp=0x000000c97f2fea30 mode 2
Event: 0.237 Thread 0x0000029dc2ace560 DEOPT PACKING pc=0x0000029dcd4fec41 sp=0x000000c97f2fb890
Event: 0.237 Thread 0x0000029dc2ace560 DEOPT UNPACKING pc=0x0000029dd4a24b22 sp=0x000000c97f2fad00 mode 0
Event: 0.285 Thread 0x0000029dc2ace560 DEOPT PACKING pc=0x0000029dcd4fec41 sp=0x000000c97f2fd500
Event: 0.285 Thread 0x0000029dc2ace560 DEOPT UNPACKING pc=0x0000029dd4a24b22 sp=0x000000c97f2fc970 mode 0

Classes loaded (20 events):
Event: 0.215 Loading class sun/util/resources/LocaleData$LocaleDataResourceBundleProvider done
Event: 0.215 Loading class sun/util/resources/LocaleData$CommonResourceBundleProvider done
Event: 0.215 Loading class java/util/ArrayList$SubList$1
Event: 0.215 Loading class java/util/ArrayList$SubList$1 done
Event: 0.215 Loading class sun/util/resources/Bundles$2
Event: 0.215 Loading class sun/util/resources/Bundles$2 done
Event: 0.216 Loading class java/lang/InstantiationException
Event: 0.216 Loading class java/lang/InstantiationException done
Event: 0.216 Loading class java/lang/IllegalAccessException
Event: 0.216 Loading class java/lang/IllegalAccessException done
Event: 0.228 Loading class java/lang/reflect/InvocationTargetException
Event: 0.228 Loading class java/lang/reflect/InvocationTargetException done
Event: 0.230 Loading class java/io/StringReader
Event: 0.230 Loading class java/io/StringReader done
Event: 0.230 Loading class java/io/UncheckedIOException
Event: 0.230 Loading class java/io/UncheckedIOException done
Event: 0.253 Loading class jdk/internal/loader/URLClassPath$FileLoader$1
Event: 0.253 Loading class jdk/internal/loader/URLClassPath$FileLoader$1 done
Event: 0.259 Loading class java/lang/invoke/DirectMethodHandle$Special
Event: 0.259 Loading class java/lang/invoke/DirectMethodHandle$Special done

Classes unloaded (0 events):
No events

Classes redefined (0 events):
No events

Internal exceptions (3 events):
Event: 0.094 Thread 0x0000029dc2ace560 Exception <a 'java/lang/NoSuchMethodError'{0x000000074e127a48}: 'int java.lang.invoke.DirectMethodHandle$Holder.invokeSpecial(java.lang.Object, java.lang.Object, java.lang.Object)'> (0x000000074e127a48) 
thrown [s\open\src\hotspot\share\interpreter\linkResolver.cpp, line 796]
Event: 0.259 Thread 0x0000029dc2ace560 Exception <a 'java/lang/NoSuchMethodError'{0x000000074d42a270}: 'void java.lang.invoke.DirectMethodHandle$Holder.invokeSpecial(java.lang.Object, java.lang.Object, java.lang.Object)'> (0x000000074d42a270) 
thrown [s\open\src\hotspot\share\interpreter\linkResolver.cpp, line 796]
Event: 0.280 Thread 0x0000029dc2ace560 Exception <a 'java/lang/NoSuchMethodError'{0x000000074d4fb8d8}: 'java.lang.Object java.lang.invoke.DirectMethodHandle$Holder.invokeVirtual(java.lang.Object, java.lang.Object, java.lang.Object)'> (0x000000074d4fb8d8) 
thrown [s\open\src\hotspot\share\interpreter\linkResolver.cpp, line 796]

VM Operations (4 events):
Event: 0.046 Executing VM operation: HandshakeAllThreads (Deoptimize)
Event: 0.046 Executing VM operation: HandshakeAllThreads (Deoptimize) done
Event: 0.152 Executing VM operation: HandshakeAllThreads (Deoptimize)
Event: 0.152 Executing VM operation: HandshakeAllThreads (Deoptimize) done

Memory protections (0 events):
No events

Nmethod flushes (0 events):
No events

Events (14 events):
Event: 0.018 Thread 0x0000029dc2ace560 Thread added: 0x0000029dc2ace560
Event: 0.028 Thread 0x0000029dc2ace560 Thread added: 0x0000029de2d12420
Event: 0.028 Thread 0x0000029dc2ace560 Thread added: 0x0000029de2d13240
Event: 0.028 Thread 0x0000029dc2ace560 Thread added: 0x0000029de2d144c0
Event: 0.029 Thread 0x0000029dc2ace560 Thread added: 0x0000029de2d181c0
Event: 0.029 Thread 0x0000029dc2ace560 Thread added: 0x0000029de2d18c20
Event: 0.029 Thread 0x0000029dc2ace560 Thread added: 0x0000029de2d19b90
Event: 0.029 Thread 0x0000029dc2ace560 Thread added: 0x0000029de2d22930
Event: 0.029 Thread 0x0000029dc2ace560 Thread added: 0x0000029de2d29070
Event: 0.040 Thread 0x0000029dc2ace560 Thread added: 0x0000029dc1189e80
Event: 0.040 Thread 0x0000029dc2ace560 Thread added: 0x0000029dc118eed0
Event: 0.064 Thread 0x0000029de2d29070 Thread added: 0x0000029dc1200290
Event: 0.162 Thread 0x0000029dc2ace560 Thread added: 0x0000029dc176bef0
Event: 0.169 Thread 0x0000029dc2ace560 Thread added: 0x0000029dc1786cb0


Dynamic libraries:
0x00007ff6e4000000 - 0x00007ff6e4010000 	C:\Program Files\Java\jdk-23\bin\java.exe
0x00007ff944270000 - 0x00007ff944468000 	C:\Windows\SYSTEM32\ntdll.dll
0x00007ff944030000 - 0x00007ff9440f2000 	C:\Windows\System32\KERNEL32.DLL
0x00007ff941b50000 - 0x00007ff941e4e000 	C:\Windows\System32\KERNELBASE.dll
0x00007ff942060000 - 0x00007ff942160000 	C:\Windows\System32\ucrtbase.dll
0x00007ff93ab60000 - 0x00007ff93ab77000 	C:\Program Files\Java\jdk-23\bin\jli.dll
0x00007ff935840000 - 0x00007ff93585b000 	C:\Program Files\Java\jdk-23\bin\VCRUNTIME140.dll
0x00007ff943680000 - 0x00007ff94381d000 	C:\Windows\System32\USER32.dll
0x00007ff942260000 - 0x00007ff942282000 	C:\Windows\System32\win32u.dll
0x00007ff91a640000 - 0x00007ff91a8da000 	C:\Windows\WinSxS\amd64_microsoft.windows.common-controls_6595b64144ccf1df_6.0.19041.4355_none_60b8b9eb71f62e16\COMCTL32.dll
0x00007ff943880000 - 0x00007ff9438ab000 	C:\Windows\System32\GDI32.dll
0x00007ff942e00000 - 0x00007ff942e9e000 	C:\Windows\System32\msvcrt.dll
0x00007ff941910000 - 0x00007ff941a27000 	C:\Windows\System32\gdi32full.dll
0x00007ff941a30000 - 0x00007ff941acd000 	C:\Windows\System32\msvcp_win.dll
0x00007ff943f80000 - 0x00007ff943faf000 	C:\Windows\System32\IMM32.DLL
0x00007ff93d690000 - 0x00007ff93d69c000 	C:\Program Files\Java\jdk-23\bin\vcruntime140_1.dll
0x00007ff934fa0000 - 0x00007ff93502e000 	C:\Program Files\Java\jdk-23\bin\msvcp140.dll
0x00007ff8d7d80000 - 0x00007ff8d8acf000 	C:\Program Files\Java\jdk-23\bin\server\jvm.dll
0x00007ff943d80000 - 0x00007ff943e31000 	C:\Windows\System32\ADVAPI32.dll
0x00007ff9435e0000 - 0x00007ff94367f000 	C:\Windows\System32\sechost.dll
0x00007ff942a10000 - 0x00007ff942b33000 	C:\Windows\System32\RPCRT4.dll
0x00007ff941ad0000 - 0x00007ff941af7000 	C:\Windows\System32\bcrypt.dll
0x00007ff943f10000 - 0x00007ff943f7b000 	C:\Windows\System32\WS2_32.dll
0x00007ff940ea0000 - 0x00007ff940eeb000 	C:\Windows\SYSTEM32\POWRPROF.dll
0x00007ff934830000 - 0x00007ff934857000 	C:\Windows\SYSTEM32\WINMM.dll
0x00007ff93cef0000 - 0x00007ff93cefa000 	C:\Windows\SYSTEM32\VERSION.dll
0x00007ff940d10000 - 0x00007ff940d22000 	C:\Windows\SYSTEM32\UMPDC.dll
0x00007ff93f790000 - 0x00007ff93f7a2000 	C:\Windows\SYSTEM32\kernel.appcore.dll
0x00007ff93d660000 - 0x00007ff93d66a000 	C:\Program Files\Java\jdk-23\bin\jimage.dll
0x00007ff92cbf0000 - 0x00007ff92cdd4000 	C:\Windows\SYSTEM32\DBGHELP.DLL
0x00007ff92ba70000 - 0x00007ff92baa4000 	C:\Windows\SYSTEM32\dbgcore.DLL
0x00007ff942160000 - 0x00007ff9421e2000 	C:\Windows\System32\bcryptPrimitives.dll
0x00007ff935200000 - 0x00007ff93521e000 	C:\Program Files\Java\jdk-23\bin\java.dll
0x00007ff944100000 - 0x00007ff94422b000 	C:\Windows\System32\ole32.dll
0x00007ff943010000 - 0x00007ff943363000 	C:\Windows\System32\combase.dll
0x00007ff9422a0000 - 0x00007ff942a0d000 	C:\Windows\System32\SHELL32.dll
0x00007ff93f990000 - 0x00007ff940134000 	C:\Windows\SYSTEM32\windows.storage.dll
0x00007ff941340000 - 0x00007ff94136e000 	C:\Windows\SYSTEM32\Wldp.dll
0x00007ff943e40000 - 0x00007ff943f0d000 	C:\Windows\System32\OLEAUT32.dll
0x00007ff942f60000 - 0x00007ff94300d000 	C:\Windows\System32\SHCORE.dll
0x00007ff942c60000 - 0x00007ff942cb5000 	C:\Windows\System32\shlwapi.dll
0x00007ff941840000 - 0x00007ff941864000 	C:\Windows\SYSTEM32\profapi.dll
0x00007ff92df20000 - 0x00007ff92dff7000 	C:\Program Files\Java\jdk-23\bin\jsvml.dll
0x00007ff936040000 - 0x00007ff936050000 	C:\Program Files\Java\jdk-23\bin\net.dll
0x00007ff9410a0000 - 0x00007ff94110a000 	C:\Windows\system32\mswsock.dll
0x00007ff935060000 - 0x00007ff935076000 	C:\Program Files\Java\jdk-23\bin\nio.dll
0x00007ff934f80000 - 0x00007ff934f97000 	C:\Program Files\Java\jdk-23\bin\zip.dll
0x00007ff935b30000 - 0x00007ff935b3a000 	C:\Program Files\Java\jdk-23\bin\management.dll
0x00007ff9351f0000 - 0x00007ff9351fb000 	C:\Program Files\Java\jdk-23\bin\management_ext.dll
0x00007ff942f50000 - 0x00007ff942f58000 	C:\Windows\System32\PSAPI.DLL

dbghelp: loaded successfully - version: 4.0.5 - missing functions: none
symbol engine: initialized successfully - sym options: 0x614 - pdb path: .;C:\Program Files\Java\jdk-23\bin;C:\Windows\SYSTEM32;C:\Windows\WinSxS\amd64_microsoft.windows.common-controls_6595b64144ccf1df_6.0.19041.4355_none_60b8b9eb71f62e16;C:\Program Files\Java\jdk-23\bin\server

VM Arguments:
java_command: C:\Users\Kurumi\AppData\Local\Temp\surefire5697580812251635422\surefirebooter-20250112162849535_3.jar C:\Users\Kurumi\AppData\Local\Temp\surefire5697580812251635422 2025-01-12T16-28-49_442-jvmRun1 surefire-20250112162849535_1tmp surefire_0-20250112162849535_2tmp
java_class_path (initial): C:\Users\Kurumi\AppData\Local\Temp\surefire5697580812251635422\surefirebooter-20250112162849535_3.jar
Launcher Type: SUN_STANDARD

[Global flags]
     intx CICompilerCount                          = 4                                         {product} {ergonomic}
     uint ConcGCThreads                            = 2                                         {product} {ergonomic}
     uint G1ConcRefinementThreads                  = 8                                         {product} {ergonomic}
   size_t G1HeapRegionSize                         = 2097152                                   {product} {ergonomic}
   size_t InitialHeapSize                          = 199229440                                 {product} {ergonomic}
   size_t MarkStackSize                            = 4194304                                   {product} {ergonomic}
   size_t MarkStackSizeMax                         = 536870912                                 {product} {ergonomic}
   size_t MaxHeapSize                              = 3181379584                                {product} {ergonomic}
   size_t MaxNewSize                               = 1908408320                                {product} {ergonomic}
   size_t MinHeapDeltaBytes                        = 2097152                                   {product} {ergonomic}
   size_t MinHeapSize                              = 8388608                                   {product} {ergonomic}
    uintx NonNMethodCodeHeapSize                   = 5832704                                {pd product} {ergonomic}
    uintx NonProfiledCodeHeapSize                  = 122945536                              {pd product} {ergonomic}
     bool PerfDisableSharedMem                     = true                                      {product} {ergonomic}
    uintx ProfiledCodeHeapSize                     = 122880000                              {pd product} {ergonomic}
    uintx ReservedCodeCacheSize                    = 251658240                              {pd product} {ergonomic}
     bool SegmentedCodeCache                       = true                                      {product} {ergonomic}
   size_t SoftMaxHeapSize                          = 3181379584                             {manageable} {ergonomic}
     bool UseCompressedOops                        = true                           {product lp64_product} {ergonomic}
     bool UseG1GC                                  = true                                      {product} {ergonomic}
     bool UseLargePagesIndividualAllocation        = false                                  {pd product} {ergonomic}

Logging:
Log output configuration:
 #0: stdout all=warning uptime,level,tags foldmultilines=false
 #1: stderr all=off uptime,level,tags foldmultilines=false

Environment Variables:
JAVA_HOME=C:\Program Files\Java\jdk-23
PATH=C:\Program Files\Common Files\Oracle\Java\javapath;C:\Program Files (x86)\Common Files\Oracle\Java\java8path;C:\Program Files (x86)\Common Files\Oracle\Java\javapath;C:\Windows\system32;C:\Windows;C:\Windows\System32\Wbem;C:\Windows\System32\WindowsPowerShell\v1.0\;C:\Windows\System32\OpenSSH\;C:\apache-maven-3.9.9-src\apache-maven-3.9.9;C:\Program Files\Java\jdk-23\bin;C:\apache-maven-3.9.9-src\apache-maven-3.9.9\bin;C:\Program Files\Git\cmd;C:\Program Files (x86)\NVIDIA Corporation\PhysX\Common;C:\Program Files\NVIDIA Corporation\NVIDIA app\NvDLISR;C:\Program Files\Cloudflare\Cloudflare WARP\;C:\Users\Kurumi\AppData\Local\Programs\Python\Launcher\;C:\Users\Kurumi\AppData\Local\Microsoft\WindowsApps;C:\Program Files\JetBrains\IntelliJ IDEA 2024.3\bin;;C:\apache-maven-3.9.9-src\apache-maven-3.9.9;;C:\Program Files\JetBrains\DataGrip 2024.3\bin;;C:\Users\Kurumi\AppData\Local\Programs\Microsoft VS Code\bin
USERNAME=Kurumi
OS=Windows_NT
PROCESSOR_IDENTIFIER=Intel64 Family 6 Model 158 Stepping 10, GenuineIntel
TMP=C:\Users\Kurumi\AppData\Local\Temp
TEMP=C:\Users\Kurumi\AppData\Local\Temp




Periodic native trim disabled

---------------  S Y S T E M  ---------------

OS:
 Windows 10 , 64 bit Build 19041 (10.0.19041.5198)
OS uptime: 1 days 16:27 hours

CPU: total 8 (initial active 8) (4 cores per cpu, 2 threads per core) family 6 model 158 stepping 10 microcode 0xb4, cx8, cmov, fxsr, ht, mmx, 3dnowpref, sse, sse2, sse3, ssse3, sse4.1, sse4.2, popcnt, lzcnt, tsc, tscinvbit, avx, avx2, aes, erms, clmul, bmi1, bmi2, adx, fma, vzeroupper, clflush, clflushopt, rdtscp, f16c
Processor Information for the first 8 processors :
  Max Mhz: 2304, Current Mhz: 2304, Mhz Limit: 2304

Memory: 4k page, system-wide physical 12130M (1684M free)
TotalPageFile size 14178M (AvailPageFile size 223M)
current process WorkingSet (physical memory assigned to process): 72M, peak: 72M
current process commit charge ("private bytes"): 287M, peak: 287M

vm_info: Java HotSpot(TM) 64-Bit Server VM (23.0.1+11-39) for windows-amd64 JRE (23.0.1+11-39), built on 2024-09-30T07:20:43Z with MS VC++ 17.6 (VS2022)

END.
